<?xml version="1.0" encoding="UTF-8"?>
<testsuite name="mx.com.gentera.demodevops.DemoDevopsApplicationTests" tests="1" skipped="0" failures="0" errors="0" timestamp="2020-05-20T15:00:13" hostname="EE-MAREYES" time="0.292">
  <properties/>
  <testcase name="contextLoads()" classname="mx.com.gentera.demodevops.DemoDevopsApplicationTests" time="0.292"/>
  <system-out><![CDATA[10:00:11.681 [Test worker] DEBUG org.springframework.test.context.BootstrapUtils - Instantiating CacheAwareContextLoaderDelegate from class [org.springframework.test.context.cache.DefaultCacheAwareContextLoaderDelegate]
10:00:11.694 [Test worker] DEBUG org.springframework.test.context.BootstrapUtils - Instantiating BootstrapContext using constructor [public org.springframework.test.context.support.DefaultBootstrapContext(java.lang.Class,org.springframework.test.context.CacheAwareContextLoaderDelegate)]
10:00:11.722 [Test worker] DEBUG org.springframework.test.context.BootstrapUtils - Instantiating TestContextBootstrapper for test class [mx.com.gentera.demodevops.DemoDevopsApplicationTests] from class [org.springframework.boot.test.context.SpringBootTestContextBootstrapper]
10:00:11.740 [Test worker] INFO org.springframework.boot.test.context.SpringBootTestContextBootstrapper - Neither @ContextConfiguration nor @ContextHierarchy found for test class [mx.com.gentera.demodevops.DemoDevopsApplicationTests], using SpringBootContextLoader
10:00:11.744 [Test worker] DEBUG org.springframework.test.context.support.AbstractContextLoader - Did not detect default resource location for test class [mx.com.gentera.demodevops.DemoDevopsApplicationTests]: class path resource [mx/com/gentera/demodevops/DemoDevopsApplicationTests-context.xml] does not exist
10:00:11.744 [Test worker] DEBUG org.springframework.test.context.support.AbstractContextLoader - Did not detect default resource location for test class [mx.com.gentera.demodevops.DemoDevopsApplicationTests]: class path resource [mx/com/gentera/demodevops/DemoDevopsApplicationTestsContext.groovy] does not exist
10:00:11.744 [Test worker] INFO org.springframework.test.context.support.AbstractContextLoader - Could not detect default resource locations for test class [mx.com.gentera.demodevops.DemoDevopsApplicationTests]: no resource found for suffixes {-context.xml, Context.groovy}.
10:00:11.745 [Test worker] INFO org.springframework.test.context.support.AnnotationConfigContextLoaderUtils - Could not detect default configuration classes for test class [mx.com.gentera.demodevops.DemoDevopsApplicationTests]: DemoDevopsApplicationTests does not declare any static, non-private, non-final, nested classes annotated with @Configuration.
10:00:11.781 [Test worker] DEBUG org.springframework.test.context.support.ActiveProfilesUtils - Could not find an 'annotation declaring class' for annotation type [org.springframework.test.context.ActiveProfiles] and class [mx.com.gentera.demodevops.DemoDevopsApplicationTests]
10:00:11.859 [Test worker] DEBUG org.springframework.context.annotation.ClassPathScanningCandidateComponentProvider - Identified candidate component class: file [C:\mauricio\jenkins\pocdevops\testjava\build\classes\java\main\mx\com\gentera\demodevops\DemoDevopsApplication.class]
10:00:11.867 [Test worker] INFO org.springframework.boot.test.context.SpringBootTestContextBootstrapper - Found @SpringBootConfiguration mx.com.gentera.demodevops.DemoDevopsApplication for test class mx.com.gentera.demodevops.DemoDevopsApplicationTests
10:00:11.978 [Test worker] DEBUG org.springframework.boot.test.context.SpringBootTestContextBootstrapper - @TestExecutionListeners is not present for class [mx.com.gentera.demodevops.DemoDevopsApplicationTests]: using defaults.
10:00:11.979 [Test worker] INFO org.springframework.boot.test.context.SpringBootTestContextBootstrapper - Loaded default TestExecutionListener class names from location [META-INF/spring.factories]: [org.springframework.boot.test.autoconfigure.restdocs.RestDocsTestExecutionListener, org.springframework.boot.test.autoconfigure.web.client.MockRestServiceServerResetTestExecutionListener, org.springframework.boot.test.autoconfigure.web.servlet.MockMvcPrintOnlyOnFailureTestExecutionListener, org.springframework.boot.test.autoconfigure.web.servlet.WebDriverTestExecutionListener, org.springframework.boot.test.mock.mockito.MockitoTestExecutionListener, org.springframework.boot.test.mock.mockito.ResetMocksTestExecutionListener, org.springframework.test.context.web.ServletTestExecutionListener, org.springframework.test.context.support.DirtiesContextBeforeModesTestExecutionListener, org.springframework.test.context.support.DependencyInjectionTestExecutionListener, org.springframework.test.context.support.DirtiesContextTestExecutionListener, org.springframework.test.context.transaction.TransactionalTestExecutionListener, org.springframework.test.context.jdbc.SqlScriptsTestExecutionListener, org.springframework.test.context.event.EventPublishingTestExecutionListener]
10:00:11.992 [Test worker] DEBUG org.springframework.boot.test.context.SpringBootTestContextBootstrapper - Skipping candidate TestExecutionListener [org.springframework.test.context.transaction.TransactionalTestExecutionListener] due to a missing dependency. Specify custom listener classes or make the default listener classes and their required dependencies available. Offending class: [org/springframework/transaction/interceptor/TransactionAttributeSource]
10:00:11.993 [Test worker] DEBUG org.springframework.boot.test.context.SpringBootTestContextBootstrapper - Skipping candidate TestExecutionListener [org.springframework.test.context.jdbc.SqlScriptsTestExecutionListener] due to a missing dependency. Specify custom listener classes or make the default listener classes and their required dependencies available. Offending class: [org/springframework/transaction/interceptor/TransactionAttribute]
10:00:11.993 [Test worker] INFO org.springframework.boot.test.context.SpringBootTestContextBootstrapper - Using TestExecutionListeners: [org.springframework.test.context.web.ServletTestExecutionListener@15b83bdc, org.springframework.test.context.support.DirtiesContextBeforeModesTestExecutionListener@32446d9d, org.springframework.boot.test.mock.mockito.MockitoTestExecutionListener@68553e2d, org.springframework.boot.test.autoconfigure.SpringBootDependencyInjectionTestExecutionListener@2b5eb78a, org.springframework.test.context.support.DirtiesContextTestExecutionListener@7f6c1fe6, org.springframework.test.context.event.EventPublishingTestExecutionListener@6e55ad13, org.springframework.boot.test.autoconfigure.restdocs.RestDocsTestExecutionListener@2f3042a2, org.springframework.boot.test.autoconfigure.web.client.MockRestServiceServerResetTestExecutionListener@718c4229, org.springframework.boot.test.autoconfigure.web.servlet.MockMvcPrintOnlyOnFailureTestExecutionListener@6e80f0d1, org.springframework.boot.test.autoconfigure.web.servlet.WebDriverTestExecutionListener@2dfee527, org.springframework.boot.test.mock.mockito.ResetMocksTestExecutionListener@768768]
10:00:11.998 [Test worker] DEBUG org.springframework.test.context.support.AbstractDirtiesContextTestExecutionListener - Before test class: context [DefaultTestContext@7fa0fa04 testClass = DemoDevopsApplicationTests, testInstance = [null], testMethod = [null], testException = [null], mergedContextConfiguration = [WebMergedContextConfiguration@20791b65 testClass = DemoDevopsApplicationTests, locations = '{}', classes = '{class mx.com.gentera.demodevops.DemoDevopsApplication}', contextInitializerClasses = '[]', activeProfiles = '{}', propertySourceLocations = '{}', propertySourceProperties = '{org.springframework.boot.test.context.SpringBootTestContextBootstrapper=true}', contextCustomizers = set[org.springframework.boot.test.autoconfigure.properties.PropertyMappingContextCustomizer@0, org.springframework.boot.test.autoconfigure.web.servlet.WebDriverContextCustomizerFactory$Customizer@6cb96d10, org.springframework.boot.test.context.filter.ExcludeFilterContextCustomizer@e7f21b0, org.springframework.boot.test.json.DuplicateJsonObjectContextCustomizerFactory$DuplicateJsonObjectContextCustomizer@5ad99bd7, org.springframework.boot.test.mock.mockito.MockitoContextCustomizer@0, org.springframework.boot.test.web.client.TestRestTemplateContextCustomizer@548eecca, org.springframework.boot.test.context.SpringBootTestArgs@1], resourceBasePath = 'src/main/webapp', contextLoader = 'org.springframework.boot.test.context.SpringBootContextLoader', parent = [null]], attributes = map['org.springframework.test.context.web.ServletTestExecutionListener.activateListener' -> true]], class annotated with @DirtiesContext [false] with mode [null].
10:00:12.030 [Test worker] DEBUG org.springframework.test.context.support.TestPropertySourceUtils - Adding inlined properties to environment: {spring.jmx.enabled=false, org.springframework.boot.test.context.SpringBootTestContextBootstrapper=true, server.port=-1}

  .   ____          _            __ _ _
 /\\ / ___'_ __ _ _(_)_ __  __ _ \ \ \ \
( ( )\___ | '_ | '_| | '_ \/ _` | \ \ \ \
 \\/  ___)| |_)| | | | | || (_| |  ) ) ) )
  '  |____| .__|_| |_|_| |_\__, | / / / /
 =========|_|==============|___/=/_/_/_/
 :: Spring Boot ::        (v2.2.7.RELEASE)

2020-05-20 10:00:12.255  INFO 157508 --- [    Test worker] m.c.g.d.DemoDevopsApplicationTests       : Starting DemoDevopsApplicationTests on EE-MAREYES with PID 157508 (started by bcsisadmin in C:\mauricio\jenkins\pocdevops\testjava)
2020-05-20 10:00:12.256  INFO 157508 --- [    Test worker] m.c.g.d.DemoDevopsApplicationTests       : No active profile set, falling back to default profiles: default
2020-05-20 10:00:13.523  INFO 157508 --- [    Test worker] o.s.s.concurrent.ThreadPoolTaskExecutor  : Initializing ExecutorService 'applicationTaskExecutor'
2020-05-20 10:00:13.825  INFO 157508 --- [    Test worker] m.c.g.d.DemoDevopsApplicationTests       : Started DemoDevopsApplicationTests in 1.784 seconds (JVM running for 3.127)
Let's inspect the beans provided by Spring Boot:
]]></system-out>
  <system-err><![CDATA[]]></system-err>
</testsuite>
